# JRE version: OpenJDK Runtime Environment (8.0_152-b01) (build 1.8.0_152-release-1343-b01)
# Java VM: OpenJDK 64-Bit Server VM (25.152-b01 mixed mode windows-amd64 compressed oops)
Heap:
 PSYoungGen      total 172032K, used 136092K [0x00000000e0000000, 0x00000000ec300000, 0x0000000100000000)
  eden space 150528K, 83% used [0x00000000e0000000,0x00000000e7a1f0b0,0x00000000e9300000)
  from space 21504K, 51% used [0x00000000eae00000,0x00000000eb8c80e0,0x00000000ec300000)
  to   space 24576K, 0% used [0x00000000e9300000,0x00000000e9300000,0x00000000eab00000)
 ParOldGen       total 280576K, used 44050K [0x00000000a0000000, 0x00000000b1200000, 0x00000000e0000000)
  object space 280576K, 15% used [0x00000000a0000000,0x00000000a2b04ad8,0x00000000b1200000)
 Metaspace       used 80783K, capacity 84166K, committed 84376K, reserved 1122304K
  class space    used 10504K, capacity 11128K, committed 11176K, reserved 1048576K
GC Heap History (10 events):
Event: 8.852 GC heap before
{Heap before GC invocations=13 (full 3):
 PSYoungGen      total 141824K, used 125440K [0x00000000e0000000, 0x00000000eb900000, 0x0000000100000000)
  eden space 125440K, 100% used [0x00000000e0000000,0x00000000e7a80000,0x00000000e7a80000)
  from space 16384K, 0% used [0x00000000e7a80000,0x00000000e7a80000,0x00000000e8a80000)
  to   space 18432K, 0% used [0x00000000ea700000,0x00000000ea700000,0x00000000eb900000)
 ParOldGen       total 280576K, used 30709K [0x00000000a0000000, 0x00000000b1200000, 0x00000000e0000000)
  object space 280576K, 10% used [0x00000000a0000000,0x00000000a1dfd448,0x00000000b1200000)
 Metaspace       used 61268K, capacity 63236K, committed 63512K, reserved 1103872K
  class space    used 8293K, capacity 8723K, committed 8744K, reserved 1048576K
Event: 8.859 GC heap after
Heap after GC invocations=13 (full 3):
 PSYoungGen      total 154112K, used 11304K [0x00000000e0000000, 0x00000000eb280000, 0x0000000100000000)
  eden space 142336K, 0% used [0x00000000e0000000,0x00000000e0000000,0x00000000e8b00000)
  from space 11776K, 95% used [0x00000000ea700000,0x00000000eb20a080,0x00000000eb280000)
  to   space 17408K, 0% used [0x00000000e9080000,0x00000000e9080000,0x00000000ea180000)
 ParOldGen       total 280576K, used 30717K [0x00000000a0000000, 0x00000000b1200000, 0x00000000e0000000)
  object space 280576K, 10% used [0x00000000a0000000,0x00000000a1dff448,0x00000000b1200000)
 Metaspace       used 61268K, capacity 63236K, committed 63512K, reserved 1103872K
  class space    used 8293K, capacity 8723K, committed 8744K, reserved 1048576K
}
Event: 11.404 GC heap before
{Heap before GC invocations=14 (full 3):
 PSYoungGen      total 154112K, used 153640K [0x00000000e0000000, 0x00000000eb280000, 0x0000000100000000)
  eden space 142336K, 100% used [0x00000000e0000000,0x00000000e8b00000,0x00000000e8b00000)
  from space 11776K, 95% used [0x00000000ea700000,0x00000000eb20a080,0x00000000eb280000)
  to   space 17408K, 0% used [0x00000000e9080000,0x00000000e9080000,0x00000000ea180000)
 ParOldGen       total 280576K, used 30717K [0x00000000a0000000, 0x00000000b1200000, 0x00000000e0000000)
  object space 280576K, 10% used [0x00000000a0000000,0x00000000a1dff448,0x00000000b1200000)
 Metaspace       used 65065K, capacity 67254K, committed 67352K, reserved 1107968K
  class space    used 8743K, capacity 9214K, committed 9256K, reserved 1048576K
Event: 11.412 GC heap after
Heap after GC invocations=14 (full 3):
 PSYoungGen      total 165376K, used 15325K [0x00000000e0000000, 0x00000000ebf80000, 0x0000000100000000)
  eden space 147968K, 0% used [0x00000000e0000000,0x00000000e0000000,0x00000000e9080000)
  from space 17408K, 88% used [0x00000000e9080000,0x00000000e9f774b8,0x00000000ea180000)
  to   space 18432K, 0% used [0x00000000ead80000,0x00000000ead80000,0x00000000ebf80000)
 ParOldGen       total 280576K, used 30725K [0x00000000a0000000, 0x00000000b1200000, 0x00000000e0000000)
  object space 280576K, 10% used [0x00000000a0000000,0x00000000a1e01448,0x00000000b1200000)
 Metaspace       used 65065K, capacity 67254K, committed 67352K, reserved 1107968K
  class space    used 8743K, capacity 9214K, committed 9256K, reserved 1048576K
}
Event: 13.642 GC heap before
{Heap before GC invocations=15 (full 3):
 PSYoungGen      total 165376K, used 163293K [0x00000000e0000000, 0x00000000ebf80000, 0x0000000100000000)
  eden space 147968K, 100% used [0x00000000e0000000,0x00000000e9080000,0x00000000e9080000)
  from space 17408K, 88% used [0x00000000e9080000,0x00000000e9f774b8,0x00000000ea180000)
  to   space 18432K, 0% used [0x00000000ead80000,0x00000000ead80000,0x00000000ebf80000)
 ParOldGen       total 280576K, used 30725K [0x00000000a0000000, 0x00000000b1200000, 0x00000000e0000000)
  object space 280576K, 10% used [0x00000000a0000000,0x00000000a1e01448,0x00000000b1200000)
 Metaspace       used 73301K, capacity 76060K, committed 76440K, reserved 1116160K
  class space    used 9752K, capacity 10297K, committed 10408K, reserved 1048576K
Event: 13.660 GC heap after
Heap after GC invocations=15 (full 3):
 PSYoungGen      total 174080K, used 18408K [0x00000000e0000000, 0x00000000ecc00000, 0x0000000100000000)
  eden space 155648K, 0% used [0x00000000e0000000,0x00000000e0000000,0x00000000e9800000)
  from space 18432K, 99% used [0x00000000ead80000,0x00000000ebf7a1c0,0x00000000ebf80000)
  to   space 22016K, 0% used [0x00000000e9800000,0x00000000e9800000,0x00000000ead80000)
 ParOldGen       total 280576K, used 35789K [0x00000000a0000000, 0x00000000b1200000, 0x00000000e0000000)
  object space 280576K, 12% used [0x00000000a0000000,0x00000000a22f35b8,0x00000000b1200000)
 Metaspace       used 73301K, capacity 76060K, committed 76440K, reserved 1116160K
  class space    used 9752K, capacity 10297K, committed 10408K, reserved 1048576K
}
Event: 3388.477 GC heap before
{Heap before GC invocations=16 (full 3):
 PSYoungGen      total 174080K, used 174056K [0x00000000e0000000, 0x00000000ecc00000, 0x0000000100000000)
  eden space 155648K, 100% used [0x00000000e0000000,0x00000000e9800000,0x00000000e9800000)
  from space 18432K, 99% used [0x00000000ead80000,0x00000000ebf7a1c0,0x00000000ebf80000)
  to   space 22016K, 0% used [0x00000000e9800000,0x00000000e9800000,0x00000000ead80000)
 ParOldGen       total 280576K, used 35789K [0x00000000a0000000, 0x00000000b1200000, 0x00000000e0000000)
  object space 280576K, 12% used [0x00000000a0000000,0x00000000a22f35b8,0x00000000b1200000)
 Metaspace       used 79661K, capacity 82862K, committed 82968K, reserved 1122304K
  class space    used 10427K, capacity 11038K, committed 11048K, reserved 1048576K
Event: 3388.497 GC heap after
Heap after GC invocations=16 (full 3):
 PSYoungGen      total 175104K, used 22002K [0x00000000e0000000, 0x00000000ec680000, 0x0000000100000000)
  eden space 153088K, 0% used [0x00000000e0000000,0x00000000e0000000,0x00000000e9580000)
  from space 22016K, 99% used [0x00000000e9800000,0x00000000ead7c9e0,0x00000000ead80000)
  to   space 25088K, 0% used [0x00000000eae00000,0x00000000eae00000,0x00000000ec680000)
 ParOldGen       total 280576K, used 36603K [0x00000000a0000000, 0x00000000b1200000, 0x00000000e0000000)
  object space 280576K, 13% used [0x00000000a0000000,0x00000000a23bec88,0x00000000b1200000)
 Metaspace       used 79661K, capacity 82862K, committed 82968K, reserved 1122304K
  class space    used 10427K, capacity 11038K, committed 11048K, reserved 1048576K
}
Event: 3427.139 GC heap before
{Heap before GC invocations=17 (full 3):
 PSYoungGen      total 175104K, used 175090K [0x00000000e0000000, 0x00000000ec680000, 0x0000000100000000)
  eden space 153088K, 100% used [0x00000000e0000000,0x00000000e9580000,0x00000000e9580000)
  from space 22016K, 99% used [0x00000000e9800000,0x00000000ead7c9e0,0x00000000ead80000)
  to   space 25088K, 0% used [0x00000000eae00000,0x00000000eae00000,0x00000000ec680000)
 ParOldGen       total 280576K, used 36603K [0x00000000a0000000, 0x00000000b1200000, 0x00000000e0000000)
  object space 280576K, 13% used [0x00000000a0000000,0x00000000a23bec88,0x00000000b1200000)
 Metaspace       used 80283K, capacity 83608K, committed 83864K, reserved 1122304K
  class space    used 10444K, capacity 11065K, committed 11176K, reserved 1048576K
Event: 3427.153 GC heap after
Heap after GC invocations=17 (full 3):
 PSYoungGen      total 172032K, used 11040K [0x00000000e0000000, 0x00000000ec300000, 0x0000000100000000)
  eden space 150528K, 0% used [0x00000000e0000000,0x00000000e0000000,0x00000000e9300000)
  from space 21504K, 51% used [0x00000000eae00000,0x00000000eb8c80e0,0x00000000ec300000)
  to   space 24576K, 0% used [0x00000000e9300000,0x00000000e9300000,0x00000000eab00000)
 ParOldGen       total 280576K, used 44050K [0x00000000a0000000, 0x00000000b1200000, 0x00000000e0000000)
  object space 280576K, 15% used [0x00000000a0000000,0x00000000a2b04ad8,0x00000000b1200000)
 Metaspace       used 80283K, capacity 83608K, committed 83864K, reserved 1122304K
  class space    used 10444K, capacity 11065K, committed 11176K, reserved 1048576K
}

