# JRE version: OpenJDK Runtime Environment (8.0_152-b01) (build 1.8.0_152-release-1343-b01)
# Java VM: OpenJDK 64-Bit Server VM (25.152-b01 mixed mode windows-amd64 compressed oops)
Heap:
 PSYoungGen      total 283648K, used 186639K [0x00000000e0000000, 0x00000000f2d00000, 0x0000000100000000)
  eden space 260096K, 70% used [0x00000000e0000000,0x00000000eb363f78,0x00000000efe00000)
  from space 23552K, 12% used [0x00000000f1580000,0x00000000f1860000,0x00000000f2c80000)
  to   space 24064K, 0% used [0x00000000efe00000,0x00000000efe00000,0x00000000f1580000)
 ParOldGen       total 429568K, used 63044K [0x00000000a0000000, 0x00000000ba380000, 0x00000000e0000000)
  object space 429568K, 14% used [0x00000000a0000000,0x00000000a3d91098,0x00000000ba380000)
 Metaspace       used 107747K, capacity 114830K, committed 115096K, reserved 1150976K
  class space    used 13265K, capacity 14443K, committed 14488K, reserved 1048576K
GC Heap History (10 events):
Event: 29884.180 GC heap before
{Heap before GC invocations=64 (full 4):
 PSYoungGen      total 282112K, used 272367K [0x00000000e0000000, 0x00000000f2c80000, 0x0000000100000000)
  eden space 257024K, 99% used [0x00000000e0000000,0x00000000efafe050,0x00000000efb00000)
  from space 25088K, 61% used [0x00000000efb00000,0x00000000f09fde68,0x00000000f1380000)
  to   space 24576K, 0% used [0x00000000f1480000,0x00000000f1480000,0x00000000f2c80000)
 ParOldGen       total 429568K, used 62288K [0x00000000a0000000, 0x00000000ba380000, 0x00000000e0000000)
  object space 429568K, 14% used [0x00000000a0000000,0x00000000a3cd4290,0x00000000ba380000)
 Metaspace       used 107408K, capacity 114538K, committed 114840K, reserved 1148928K
  class space    used 13251K, capacity 14373K, committed 14488K, reserved 1048576K
Event: 29884.189 GC heap after
Heap after GC invocations=64 (full 4):
 PSYoungGen      total 282112K, used 8960K [0x00000000e0000000, 0x00000000f2b80000, 0x0000000100000000)
  eden space 258560K, 0% used [0x00000000e0000000,0x00000000e0000000,0x00000000efc80000)
  from space 23552K, 38% used [0x00000000f1480000,0x00000000f1d40378,0x00000000f2b80000)
  to   space 24064K, 0% used [0x00000000efc80000,0x00000000efc80000,0x00000000f1400000)
 ParOldGen       total 429568K, used 62740K [0x00000000a0000000, 0x00000000ba380000, 0x00000000e0000000)
  object space 429568K, 14% used [0x00000000a0000000,0x00000000a3d45098,0x00000000ba380000)
 Metaspace       used 107408K, capacity 114538K, committed 114840K, reserved 1148928K
  class space    used 13251K, capacity 14373K, committed 14488K, reserved 1048576K
}
Event: 30031.356 GC heap before
{Heap before GC invocations=65 (full 4):
 PSYoungGen      total 282112K, used 267520K [0x00000000e0000000, 0x00000000f2b80000, 0x0000000100000000)
  eden space 258560K, 100% used [0x00000000e0000000,0x00000000efc80000,0x00000000efc80000)
  from space 23552K, 38% used [0x00000000f1480000,0x00000000f1d40378,0x00000000f2b80000)
  to   space 24064K, 0% used [0x00000000efc80000,0x00000000efc80000,0x00000000f1400000)
 ParOldGen       total 429568K, used 62740K [0x00000000a0000000, 0x00000000ba380000, 0x00000000e0000000)
  object space 429568K, 14% used [0x00000000a0000000,0x00000000a3d45098,0x00000000ba380000)
 Metaspace       used 107462K, capacity 114538K, committed 114840K, reserved 1148928K
  class space    used 13251K, capacity 14373K, committed 14488K, reserved 1048576K
Event: 30031.366 GC heap after
Heap after GC invocations=65 (full 4):
 PSYoungGen      total 282624K, used 5030K [0x00000000e0000000, 0x00000000f2d80000, 0x0000000100000000)
  eden space 258560K, 0% used [0x00000000e0000000,0x00000000e0000000,0x00000000efc80000)
  from space 24064K, 20% used [0x00000000efc80000,0x00000000f0169930,0x00000000f1400000)
  to   space 24576K, 0% used [0x00000000f1580000,0x00000000f1580000,0x00000000f2d80000)
 ParOldGen       total 429568K, used 62836K [0x00000000a0000000, 0x00000000ba380000, 0x00000000e0000000)
  object space 429568K, 14% used [0x00000000a0000000,0x00000000a3d5d098,0x00000000ba380000)
 Metaspace       used 107462K, capacity 114538K, committed 114840K, reserved 1148928K
  class space    used 13251K, capacity 14373K, committed 14488K, reserved 1048576K
}
Event: 30108.016 GC heap before
{Heap before GC invocations=66 (full 4):
 PSYoungGen      total 282624K, used 263590K [0x00000000e0000000, 0x00000000f2d80000, 0x0000000100000000)
  eden space 258560K, 100% used [0x00000000e0000000,0x00000000efc80000,0x00000000efc80000)
  from space 24064K, 20% used [0x00000000efc80000,0x00000000f0169930,0x00000000f1400000)
  to   space 24576K, 0% used [0x00000000f1580000,0x00000000f1580000,0x00000000f2d80000)
 ParOldGen       total 429568K, used 62836K [0x00000000a0000000, 0x00000000ba380000, 0x00000000e0000000)
  object space 429568K, 14% used [0x00000000a0000000,0x00000000a3d5d098,0x00000000ba380000)
 Metaspace       used 107544K, capacity 114610K, committed 114840K, reserved 1148928K
  class space    used 13252K, capacity 14373K, committed 14488K, reserved 1048576K
Event: 30108.021 GC heap after
Heap after GC invocations=66 (full 4):
 PSYoungGen      total 284160K, used 6176K [0x00000000e0000000, 0x00000000f2d80000, 0x0000000100000000)
  eden space 259584K, 0% used [0x00000000e0000000,0x00000000e0000000,0x00000000efd80000)
  from space 24576K, 25% used [0x00000000f1580000,0x00000000f1b88030,0x00000000f2d80000)
  to   space 24576K, 0% used [0x00000000efd80000,0x00000000efd80000,0x00000000f1580000)
 ParOldGen       total 429568K, used 62900K [0x00000000a0000000, 0x00000000ba380000, 0x00000000e0000000)
  object space 429568K, 14% used [0x00000000a0000000,0x00000000a3d6d098,0x00000000ba380000)
 Metaspace       used 107544K, capacity 114610K, committed 114840K, reserved 1148928K
  class space    used 13252K, capacity 14373K, committed 14488K, reserved 1048576K
}
Event: 30240.995 GC heap before
{Heap before GC invocations=67 (full 4):
 PSYoungGen      total 284160K, used 265760K [0x00000000e0000000, 0x00000000f2d80000, 0x0000000100000000)
  eden space 259584K, 100% used [0x00000000e0000000,0x00000000efd80000,0x00000000efd80000)
  from space 24576K, 25% used [0x00000000f1580000,0x00000000f1b88030,0x00000000f2d80000)
  to   space 24576K, 0% used [0x00000000efd80000,0x00000000efd80000,0x00000000f1580000)
 ParOldGen       total 429568K, used 62900K [0x00000000a0000000, 0x00000000ba380000, 0x00000000e0000000)
  object space 429568K, 14% used [0x00000000a0000000,0x00000000a3d6d098,0x00000000ba380000)
 Metaspace       used 107620K, capacity 114710K, committed 114840K, reserved 1148928K
  class space    used 13255K, capacity 14405K, committed 14488K, reserved 1048576K
Event: 30241.000 GC heap after
Heap after GC invocations=67 (full 4):
 PSYoungGen      total 284160K, used 9136K [0x00000000e0000000, 0x00000000f2c80000, 0x0000000100000000)
  eden space 259584K, 0% used [0x00000000e0000000,0x00000000e0000000,0x00000000efd80000)
  from space 24576K, 37% used [0x00000000efd80000,0x00000000f066c010,0x00000000f1580000)
  to   space 23552K, 0% used [0x00000000f1580000,0x00000000f1580000,0x00000000f2c80000)
 ParOldGen       total 429568K, used 62980K [0x00000000a0000000, 0x00000000ba380000, 0x00000000e0000000)
  object space 429568K, 14% used [0x00000000a0000000,0x00000000a3d81098,0x00000000ba380000)
 Metaspace       used 107620K, capacity 114710K, committed 114840K, reserved 1148928K
  class space    used 13255K, capacity 14405K, committed 14488K, reserved 1048576K
}
Event: 30485.883 GC heap before
{Heap before GC invocations=68 (full 4):
 PSYoungGen      total 284160K, used 268720K [0x00000000e0000000, 0x00000000f2c80000, 0x0000000100000000)
  eden space 259584K, 100% used [0x00000000e0000000,0x00000000efd80000,0x00000000efd80000)
  from space 24576K, 37% used [0x00000000efd80000,0x00000000f066c010,0x00000000f1580000)
  to   space 23552K, 0% used [0x00000000f1580000,0x00000000f1580000,0x00000000f2c80000)
 ParOldGen       total 429568K, used 62980K [0x00000000a0000000, 0x00000000ba380000, 0x00000000e0000000)
  object space 429568K, 14% used [0x00000000a0000000,0x00000000a3d81098,0x00000000ba380000)
 Metaspace       used 107730K, capacity 114820K, committed 115096K, reserved 1150976K
  class space    used 13262K, capacity 14440K, committed 14488K, reserved 1048576K
Event: 30485.889 GC heap after
Heap after GC invocations=68 (full 4):
 PSYoungGen      total 283648K, used 2944K [0x00000000e0000000, 0x00000000f2d00000, 0x0000000100000000)
  eden space 260096K, 0% used [0x00000000e0000000,0x00000000e0000000,0x00000000efe00000)
  from space 23552K, 12% used [0x00000000f1580000,0x00000000f1860000,0x00000000f2c80000)
  to   space 24064K, 0% used [0x00000000efe00000,0x00000000efe00000,0x00000000f1580000)
 ParOldGen       total 429568K, used 63044K [0x00000000a0000000, 0x00000000ba380000, 0x00000000e0000000)
  object space 429568K, 14% used [0x00000000a0000000,0x00000000a3d91098,0x00000000ba380000)
 Metaspace       used 107730K, capacity 114820K, committed 115096K, reserved 1150976K
  class space    used 13262K, capacity 14440K, committed 14488K, reserved 1048576K
}

